<?xml version="1.0" encoding="UTF-8"?>
<testsuite xmlns:xsi="http://www.w3.org/2001/XMLSchema-instance" xsi:noNamespaceSchemaLocation="https://maven.apache.org/surefire/maven-surefire-plugin/xsd/surefire-test-report-3.0.xsd" version="3.0" name="com.example.patient.PatientApplicationTests" time="15.532" tests="1" errors="0" skipped="0" failures="0">
  <properties>
[...]
</properties>
  <testcase name="contextLoads" classname="com.example.patient.PatientApplicationTests" time="1.073">
    <system-out><![CDATA[15:05:29.182 [main] INFO org.springframework.test.context.support.AnnotationConfigContextLoaderUtils -- Could not detect default configuration classes for test class [com.example.patient.PatientApplicationTests]: PatientApplicationTests does not declare any static, non-private, non-final, nested classes annotated with @Configuration.
15:05:29.332 [main] INFO org.springframework.boot.test.context.SpringBootTestContextBootstrapper -- Found @SpringBootConfiguration com.example.patient.PatientApplication for test class com.example.patient.PatientApplicationTests

  .   ____          _            __ _ _
 /\\ / ___'_ __ _ _(_)_ __  __ _ \ \ \ \
( ( )\___ | '_ | '_| | '_ \/ _` | \ \ \ \
 \\/  ___)| |_)| | | | | || (_| |  ) ) ) )
  '  |____| .__|_| |_|_| |_\__, | / / / /
 =========|_|==============|___/=/_/_/_/
 :: Spring Boot ::                (v3.1.5)

2024-01-07T15:05:29.870+01:00  INFO 26104 --- [           main] c.e.patient.PatientApplicationTests      : Starting PatientApplicationTests using Java 21 with PID 26104 (started by Yaman in C:\Users\Yaman\GitHub\PatientJournalSystem2)
2024-01-07T15:05:29.871+01:00  INFO 26104 --- [           main] c.e.patient.PatientApplicationTests      : No active profile set, falling back to 1 default profile: "default"
2024-01-07T15:05:30.920+01:00  INFO 26104 --- [           main] .s.d.r.c.RepositoryConfigurationDelegate : Bootstrapping Spring Data JPA repositories in DEFAULT mode.
2024-01-07T15:05:31.060+01:00  INFO 26104 --- [           main] .s.d.r.c.RepositoryConfigurationDelegate : Finished Spring Data repository scanning in 128 ms. Found 6 JPA repository interfaces.
2024-01-07T15:05:32.113+01:00  INFO 26104 --- [           main] o.hibernate.jpa.internal.util.LogHelper  : HHH000204: Processing PersistenceUnitInfo [name: default]
2024-01-07T15:05:32.328+01:00  INFO 26104 --- [           main] org.hibernate.Version                    : HHH000412: Hibernate ORM core version 6.2.13.Final
2024-01-07T15:05:32.333+01:00  INFO 26104 --- [           main] org.hibernate.cfg.Environment            : HHH000406: Using bytecode reflection optimizer
2024-01-07T15:05:32.921+01:00  INFO 26104 --- [           main] o.s.o.j.p.SpringPersistenceUnitInfo      : No LoadTimeWeaver setup: ignoring JPA class transformer
2024-01-07T15:05:32.983+01:00  INFO 26104 --- [           main] com.zaxxer.hikari.HikariDataSource       : HikariPool-1 - Starting...
2024-01-07T15:05:33.873+01:00  INFO 26104 --- [           main] com.zaxxer.hikari.pool.HikariPool        : HikariPool-1 - Added connection com.mysql.cj.jdbc.ConnectionImpl@7bf65e0f
2024-01-07T15:05:33.878+01:00  INFO 26104 --- [           main] com.zaxxer.hikari.HikariDataSource       : HikariPool-1 - Start completed.
2024-01-07T15:05:36.357+01:00  INFO 26104 --- [           main] o.h.e.t.j.p.i.JtaPlatformInitiator       : HHH000489: No JTA platform available (set 'hibernate.transaction.jta.platform' to enable JTA platform integration)
2024-01-07T15:05:37.591+01:00  INFO 26104 --- [           main] j.LocalContainerEntityManagerFactoryBean : Initialized JPA EntityManagerFactory for persistence unit 'default'
2024-01-07T15:05:39.109+01:00  INFO 26104 --- [           main] o.s.d.j.r.query.QueryEnhancerFactory     : Hibernate is in classpath; If applicable, HQL parser will be used.
2024-01-07T15:05:41.259+01:00  WARN 26104 --- [           main] JpaBaseConfiguration$JpaWebConfiguration : spring.jpa.open-in-view is enabled by default. Therefore, database queries may be performed during view rendering. Explicitly configure spring.jpa.open-in-view to disable this warning
2024-01-07T15:05:42.474+01:00  INFO 26104 --- [           main] o.s.s.web.DefaultSecurityFilterChain     : Will secure any request with [org.springframework.security.web.session.DisableEncodeUrlFilter@25a2a71d, org.springframework.security.web.context.request.async.WebAsyncManagerIntegrationFilter@27215154, org.springframework.security.web.context.SecurityContextHolderFilter@37a74cf4, org.springframework.security.web.header.HeaderWriterFilter@472d7f34, org.springframework.web.filter.CorsFilter@6bca3b27, org.springframework.security.web.authentication.logout.LogoutFilter@346d8002, org.springframework.security.oauth2.server.resource.web.authentication.BearerTokenAuthenticationFilter@56929ce, org.springframework.security.web.authentication.www.BasicAuthenticationFilter@441a2d52, org.springframework.security.web.savedrequest.RequestCacheAwareFilter@745c25ed, org.springframework.security.web.servletapi.SecurityContextHolderAwareRequestFilter@427c9a13, org.springframework.security.web.authentication.AnonymousAuthenticationFilter@25bd8eab, org.springframework.security.web.session.SessionManagementFilter@1fbd0850, org.springframework.security.web.access.ExceptionTranslationFilter@63236968, org.springframework.security.web.access.intercept.AuthorizationFilter@227ae4e4]
2024-01-07T15:05:43.320+01:00  INFO 26104 --- [           main] c.e.patient.PatientApplicationTests      : Started PatientApplicationTests in 13.793 seconds (process running for 15.341)
]]></system-out>
    <system-err><![CDATA[WARNING: A Java agent has been loaded dynamically (C:\Users\Yaman\.m2\repository\net\bytebuddy\byte-buddy-agent\1.14.9\byte-buddy-agent-1.14.9.jar)
WARNING: If a serviceability tool is in use, please run with -XX:+EnableDynamicAgentLoading to hide this warning
WARNING: If a serviceability tool is not in use, please run with -Djdk.instrument.traceUsage for more information
WARNING: Dynamic loading of agents will be disallowed by default in a future release
]]></system-err>
  </testcase>
</testsuite>